<?xml version="1.0" encoding="UTF-8"?>
<testsuite name="is.ru.TicTacToe.PlayerTest" tests="1" skipped="0" failures="0" errors="0" timestamp="2016-10-28T11:25:06" hostname="DESKTOP-GRPIHLO" time="0.0">
  <properties/>
  <testcase name="testIfClassIsCreated" classname="is.ru.TicTacToe.PlayerTest" time="0.0"/>
  <system-out><![CDATA[]]></system-out>
  <system-err><![CDATA[]]></system-err>
</testsuite>
