<?xml version="1.0" encoding="UTF-8"?>
<testsuite name="is.ru.TicTacToe.BoardTest" tests="4" skipped="0" failures="0" errors="0" timestamp="2016-10-27T23:52:03" hostname="i-1217c9a8.cs1004cloud.internal" time="0.002">
  <properties/>
  <testcase name="testInsertSamePlace" classname="is.ru.TicTacToe.BoardTest" time="0.001"/>
  <testcase name="testInsertOne" classname="is.ru.TicTacToe.BoardTest" time="0.0"/>
  <testcase name="testIfLegalMove" classname="is.ru.TicTacToe.BoardTest" time="0.0"/>
  <testcase name="testNewBoard" classname="is.ru.TicTacToe.BoardTest" time="0.0"/>
  <system-out><![CDATA[Move not legal
]]></system-out>
  <system-err><![CDATA[]]></system-err>
</testsuite>
