<?xml version="1.0" encoding="UTF-8"?>
<testsuite name="is.ru.TicTacToe.BoardTest" tests="2" skipped="0" failures="0" errors="0" timestamp="2016-10-27T15:06:17" hostname="DESKTOP-GRPIHLO" time="0.003">
  <properties/>
  <testcase name="testIfLegalMove" classname="is.ru.TicTacToe.BoardTest" time="0.003"/>
  <testcase name="testNewBoard" classname="is.ru.TicTacToe.BoardTest" time="0.0"/>
  <system-out><![CDATA[]]></system-out>
  <system-err><![CDATA[]]></system-err>
</testsuite>
