<?xml version="1.0" encoding="UTF-8"?>
<testsuite name="is.ru.TicTacToe.TicTacToeTest" tests="2" skipped="0" failures="0" errors="0" timestamp="2016-10-29T14:58:23" hostname="i-1217c9a8.cs1004cloud.internal" time="0.001">
  <properties/>
  <testcase name="testIfInputIsChanged" classname="is.ru.TicTacToe.TicTacToeTest" time="0.0"/>
  <testcase name="testIfClassesAreCreated" classname="is.ru.TicTacToe.TicTacToeTest" time="0.0"/>
  <system-out><![CDATA[]]></system-out>
  <system-err><![CDATA[]]></system-err>
</testsuite>
