<?xml version="1.0" encoding="UTF-8"?>
<testsuite name="is.ru.TicTacToe.PlayerTest" tests="2" skipped="0" failures="0" errors="0" timestamp="2016-10-28T11:12:20" hostname="Taco" time="0.002">
  <properties/>
  <testcase name="testIfClassIsCreated" classname="is.ru.TicTacToe.PlayerTest" time="0.001"/>
  <testcase name="testIfNameIsSet" classname="is.ru.TicTacToe.PlayerTest" time="0.0"/>
  <system-out><![CDATA[]]></system-out>
  <system-err><![CDATA[]]></system-err>
</testsuite>
